0 info it worked if it ends with ok
1 verbose cli [ '/usr/bin/nodejs',
1 verbose cli   '/usr/bin/npm',
1 verbose cli   'install',
1 verbose cli   'atom-typescript' ]
2 info using npm@3.10.3
3 info using node@v6.6.0
4 silly loadCurrentTree Starting
5 silly install loadCurrentTree
6 silly install readLocalPackageData
7 silly fetchPackageMetaData atom-typescript
8 silly fetchNamedPackageData atom-typescript
9 silly mapToRegistry name atom-typescript
10 silly mapToRegistry using default registry
11 silly mapToRegistry registry https://registry.npmjs.org/
12 silly mapToRegistry data Result {
12 silly mapToRegistry   raw: 'atom-typescript',
12 silly mapToRegistry   scope: null,
12 silly mapToRegistry   escapedName: 'atom-typescript',
12 silly mapToRegistry   name: 'atom-typescript',
12 silly mapToRegistry   rawSpec: '',
12 silly mapToRegistry   spec: 'latest',
12 silly mapToRegistry   type: 'tag' }
13 silly mapToRegistry uri https://registry.npmjs.org/atom-typescript
14 verbose request uri https://registry.npmjs.org/atom-typescript
15 verbose request no auth needed
16 info attempt registry request try #1 at 22:51:27
17 verbose request id f9516dfd0aa37d39
18 http request GET https://registry.npmjs.org/atom-typescript
19 http 200 https://registry.npmjs.org/atom-typescript
20 verbose headers { server: 'CouchDB/1.5.0 (Erlang OTP/R16B03)',
20 verbose headers   etag: '"7LVNJOOFR64ZRT5OFOP0G8MQ2"',
20 verbose headers   'content-type': 'application/json',
20 verbose headers   'content-encoding': 'gzip',
20 verbose headers   'cache-control': 'max-age=300',
20 verbose headers   'content-length': '5496',
20 verbose headers   'accept-ranges': 'bytes',
20 verbose headers   date: 'Thu, 22 Sep 2016 20:51:27 GMT',
20 verbose headers   via: '1.1 varnish',
20 verbose headers   age: '0',
20 verbose headers   connection: 'keep-alive',
20 verbose headers   'x-served-by': 'cache-fra1238-FRA',
20 verbose headers   'x-cache': 'MISS',
20 verbose headers   'x-cache-hits': '0',
20 verbose headers   'x-timer': 'S1474577487.336104,VS0,VE196',
20 verbose headers   vary: 'Accept-Encoding' }
21 silly get cb [ 200,
21 silly get   { server: 'CouchDB/1.5.0 (Erlang OTP/R16B03)',
21 silly get     etag: '"7LVNJOOFR64ZRT5OFOP0G8MQ2"',
21 silly get     'content-type': 'application/json',
21 silly get     'content-encoding': 'gzip',
21 silly get     'cache-control': 'max-age=300',
21 silly get     'content-length': '5496',
21 silly get     'accept-ranges': 'bytes',
21 silly get     date: 'Thu, 22 Sep 2016 20:51:27 GMT',
21 silly get     via: '1.1 varnish',
21 silly get     age: '0',
21 silly get     connection: 'keep-alive',
21 silly get     'x-served-by': 'cache-fra1238-FRA',
21 silly get     'x-cache': 'MISS',
21 silly get     'x-cache-hits': '0',
21 silly get     'x-timer': 'S1474577487.336104,VS0,VE196',
21 silly get     vary: 'Accept-Encoding' } ]
22 verbose get saving atom-typescript to /home/jm/.npm/registry.npmjs.org/atom-typescript/.cache.json
23 verbose correctMkdir /home/jm/.npm correctMkdir not in flight; initializing
24 silly install normalizeTree
25 silly loadCurrentTree Finishing
26 silly loadIdealTree Starting
27 silly install loadIdealTree
28 silly cloneCurrentTree Starting
29 silly install cloneCurrentTreeToIdealTree
30 silly cloneCurrentTree Finishing
31 silly loadShrinkwrap Starting
32 silly install loadShrinkwrap
33 silly loadShrinkwrap Finishing
34 silly loadAllDepsIntoIdealTree Starting
35 silly install loadAllDepsIntoIdealTree
36 silly resolveWithNewModule atom-typescript@4.5.6 checking installable status
37 silly cache add args [ 'atom-typescript', null ]
38 verbose cache add spec atom-typescript
39 silly cache add parsed spec Result {
39 silly cache add   raw: 'atom-typescript',
39 silly cache add   scope: null,
39 silly cache add   escapedName: 'atom-typescript',
39 silly cache add   name: 'atom-typescript',
39 silly cache add   rawSpec: '',
39 silly cache add   spec: 'latest',
39 silly cache add   type: 'tag' }
40 silly addNamed atom-typescript@latest
41 verbose addNamed "latest" is being treated as a dist-tag for atom-typescript
42 info addNameTag [ 'atom-typescript', 'latest' ]
43 silly mapToRegistry name atom-typescript
44 silly mapToRegistry using default registry
45 silly mapToRegistry registry https://registry.npmjs.org/
46 silly mapToRegistry data Result {
46 silly mapToRegistry   raw: 'atom-typescript',
46 silly mapToRegistry   scope: null,
46 silly mapToRegistry   escapedName: 'atom-typescript',
46 silly mapToRegistry   name: 'atom-typescript',
46 silly mapToRegistry   rawSpec: '',
46 silly mapToRegistry   spec: 'latest',
46 silly mapToRegistry   type: 'tag' }
47 silly mapToRegistry uri https://registry.npmjs.org/atom-typescript
48 verbose addNameTag registry:https://registry.npmjs.org/atom-typescript not in flight; fetching
49 verbose get https://registry.npmjs.org/atom-typescript not expired, no request
50 silly addNameTag next cb for atom-typescript with tag latest
51 silly addNamed atom-typescript@4.5.6
52 verbose addNamed "4.5.6" is a plain semver version for atom-typescript
53 silly mapToRegistry name atom-typescript
54 silly mapToRegistry using default registry
55 silly mapToRegistry registry https://registry.npmjs.org/
56 silly mapToRegistry data Result {
56 silly mapToRegistry   raw: 'atom-typescript',
56 silly mapToRegistry   scope: null,
56 silly mapToRegistry   escapedName: 'atom-typescript',
56 silly mapToRegistry   name: 'atom-typescript',
56 silly mapToRegistry   rawSpec: '',
56 silly mapToRegistry   spec: 'latest',
56 silly mapToRegistry   type: 'tag' }
57 silly mapToRegistry uri https://registry.npmjs.org/atom-typescript
58 verbose addRemoteTarball https://registry.npmjs.org/atom-typescript/-/atom-typescript-4.5.6.tgz not in flight; adding
59 verbose addRemoteTarball [ 'https://registry.npmjs.org/atom-typescript/-/atom-typescript-4.5.6.tgz',
59 verbose addRemoteTarball   '91d8aeb146aeea141b20f19b64d68018f15d1ece' ]
60 info retry fetch attempt 1 at 22:51:27
61 info attempt registry request try #1 at 22:51:27
62 http fetch GET https://registry.npmjs.org/atom-typescript/-/atom-typescript-4.5.6.tgz
63 http fetch 200 https://registry.npmjs.org/atom-typescript/-/atom-typescript-4.5.6.tgz
64 silly fetchAndShaCheck shasum 91d8aeb146aeea141b20f19b64d68018f15d1ece
65 verbose addTmpTarball /tmp/npm-7643-317c4073/registry.npmjs.org/atom-typescript/-/atom-typescript-4.5.6.tgz not in flight; adding
66 verbose addTmpTarball already have metadata; skipping unpack for atom-typescript@4.5.6
67 verbose correctMkdir /home/jm/.npm correctMkdir not in flight; initializing
68 silly cache afterAdd atom-typescript@4.5.6
69 verbose afterAdd /home/jm/.npm/atom-typescript/4.5.6/package/package.json not in flight; writing
70 verbose correctMkdir /home/jm/.npm correctMkdir not in flight; initializing
71 verbose afterAdd /home/jm/.npm/atom-typescript/4.5.6/package/package.json written
72 silly fetchNamedPackageData emissary
73 silly mapToRegistry name emissary
74 silly mapToRegistry using default registry
75 silly mapToRegistry registry https://registry.npmjs.org/
76 silly mapToRegistry data Result {
76 silly mapToRegistry   raw: 'emissary',
76 silly mapToRegistry   scope: null,
76 silly mapToRegistry   escapedName: 'emissary',
76 silly mapToRegistry   name: 'emissary',
76 silly mapToRegistry   rawSpec: '',
76 silly mapToRegistry   spec: 'latest',
76 silly mapToRegistry   type: 'tag' }
77 silly mapToRegistry uri https://registry.npmjs.org/emissary
78 silly fetchNamedPackageData fuzzaldrin
79 silly mapToRegistry name fuzzaldrin
80 silly mapToRegistry using default registry
81 silly mapToRegistry registry https://registry.npmjs.org/
82 silly mapToRegistry data Result {
82 silly mapToRegistry   raw: 'fuzzaldrin',
82 silly mapToRegistry   scope: null,
82 silly mapToRegistry   escapedName: 'fuzzaldrin',
82 silly mapToRegistry   name: 'fuzzaldrin',
82 silly mapToRegistry   rawSpec: '',
82 silly mapToRegistry   spec: 'latest',
82 silly mapToRegistry   type: 'tag' }
83 silly mapToRegistry uri https://registry.npmjs.org/fuzzaldrin
84 silly fetchNamedPackageData glob-expand
85 silly mapToRegistry name glob-expand
86 silly mapToRegistry using default registry
87 silly mapToRegistry registry https://registry.npmjs.org/
88 silly mapToRegistry data Result {
88 silly mapToRegistry   raw: 'glob-expand',
88 silly mapToRegistry   scope: null,
88 silly mapToRegistry   escapedName: 'glob-expand',
88 silly mapToRegistry   name: 'glob-expand',
88 silly mapToRegistry   rawSpec: '',
88 silly mapToRegistry   spec: 'latest',
88 silly mapToRegistry   type: 'tag' }
89 silly mapToRegistry uri https://registry.npmjs.org/glob-expand
90 silly fetchNamedPackageData mkdirp
91 silly mapToRegistry name mkdirp
92 silly mapToRegistry using default registry
93 silly mapToRegistry registry https://registry.npmjs.org/
94 silly mapToRegistry data Result {
94 silly mapToRegistry   raw: 'mkdirp',
94 silly mapToRegistry   scope: null,
94 silly mapToRegistry   escapedName: 'mkdirp',
94 silly mapToRegistry   name: 'mkdirp',
94 silly mapToRegistry   rawSpec: '',
94 silly mapToRegistry   spec: 'latest',
94 silly mapToRegistry   type: 'tag' }
95 silly mapToRegistry uri https://registry.npmjs.org/mkdirp
96 silly fetchNamedPackageData season
97 silly mapToRegistry name season
98 silly mapToRegistry using default registry
99 silly mapToRegistry registry https://registry.npmjs.org/
100 silly mapToRegistry data Result {
100 silly mapToRegistry   raw: 'season',
100 silly mapToRegistry   scope: null,
100 silly mapToRegistry   escapedName: 'season',
100 silly mapToRegistry   name: 'season',
100 silly mapToRegistry   rawSpec: '',
100 silly mapToRegistry   spec: 'latest',
100 silly mapToRegistry   type: 'tag' }
101 silly mapToRegistry uri https://registry.npmjs.org/season
102 silly fetchNamedPackageData atom-space-pen-views
103 silly mapToRegistry name atom-space-pen-views
104 silly mapToRegistry using default registry
105 silly mapToRegistry registry https://registry.npmjs.org/
106 silly mapToRegistry data Result {
106 silly mapToRegistry   raw: 'atom-space-pen-views',
106 silly mapToRegistry   scope: null,
106 silly mapToRegistry   escapedName: 'atom-space-pen-views',
106 silly mapToRegistry   name: 'atom-space-pen-views',
106 silly mapToRegistry   rawSpec: '',
106 silly mapToRegistry   spec: 'latest',
106 silly mapToRegistry   type: 'tag' }
107 silly mapToRegistry uri https://registry.npmjs.org/atom-space-pen-views
108 silly fetchNamedPackageData basarat-text-buffer
109 silly mapToRegistry name basarat-text-buffer
110 silly mapToRegistry using default registry
111 silly mapToRegistry registry https://registry.npmjs.org/
112 silly mapToRegistry data Result {
112 silly mapToRegistry   raw: 'basarat-text-buffer',
112 silly mapToRegistry   scope: null,
112 silly mapToRegistry   escapedName: 'basarat-text-buffer',
112 silly mapToRegistry   name: 'basarat-text-buffer',
112 silly mapToRegistry   rawSpec: '',
112 silly mapToRegistry   spec: 'latest',
112 silly mapToRegistry   type: 'tag' }
113 silly mapToRegistry uri https://registry.npmjs.org/basarat-text-buffer
114 silly fetchNamedPackageData d3
115 silly mapToRegistry name d3
116 silly mapToRegistry using default registry
117 silly mapToRegistry registry https://registry.npmjs.org/
118 silly mapToRegistry data Result {
118 silly mapToRegistry   raw: 'd3',
118 silly mapToRegistry   scope: null,
118 silly mapToRegistry   escapedName: 'd3',
118 silly mapToRegistry   name: 'd3',
118 silly mapToRegistry   rawSpec: '',
118 silly mapToRegistry   spec: 'latest',
118 silly mapToRegistry   type: 'tag' }
119 silly mapToRegistry uri https://registry.npmjs.org/d3
120 silly fetchOtherPackageData typescript@https://github.com/Arnavion/typescript-github/tarball/2015-05-06-3d0daef8eb08104920f9272b32d414b9266a5d78
121 silly cache add args [ 'typescript@https://github.com/Arnavion/typescript-github/tarball/2015-05-06-3d0daef8eb08104920f9272b32d414b9266a5d78',
121 silly cache add   null ]
122 verbose cache add spec typescript@https://github.com/Arnavion/typescript-github/tarball/2015-05-06-3d0daef8eb08104920f9272b32d414b9266a5d78
123 silly fetchOtherPackageData atom-package-dependencies@https://github.com/basarat/atom-package-dependencies/archive/cb1.tar.gz
124 silly cache add args [ 'atom-package-dependencies@https://github.com/basarat/atom-package-dependencies/archive/cb1.tar.gz',
124 silly cache add   null ]
125 verbose cache add spec atom-package-dependencies@https://github.com/basarat/atom-package-dependencies/archive/cb1.tar.gz
126 verbose request uri https://registry.npmjs.org/emissary
127 verbose request no auth needed
128 info attempt registry request try #1 at 22:51:28
129 http request GET https://registry.npmjs.org/emissary
130 verbose request uri https://registry.npmjs.org/fuzzaldrin
131 verbose request no auth needed
132 info attempt registry request try #1 at 22:51:28
133 http request GET https://registry.npmjs.org/fuzzaldrin
134 verbose request uri https://registry.npmjs.org/glob-expand
135 verbose request no auth needed
136 info attempt registry request try #1 at 22:51:28
137 http request GET https://registry.npmjs.org/glob-expand
138 verbose request uri https://registry.npmjs.org/season
139 verbose request no auth needed
140 info attempt registry request try #1 at 22:51:28
141 http request GET https://registry.npmjs.org/season
142 verbose request uri https://registry.npmjs.org/atom-space-pen-views
143 verbose request no auth needed
144 info attempt registry request try #1 at 22:51:28
145 http request GET https://registry.npmjs.org/atom-space-pen-views
146 verbose request uri https://registry.npmjs.org/basarat-text-buffer
147 verbose request no auth needed
148 info attempt registry request try #1 at 22:51:28
149 http request GET https://registry.npmjs.org/basarat-text-buffer
150 verbose request uri https://registry.npmjs.org/d3
151 verbose request no auth needed
152 info attempt registry request try #1 at 22:51:28
153 http request GET https://registry.npmjs.org/d3
154 silly cache add parsed spec Result {
154 silly cache add   raw: 'typescript@https://github.com/Arnavion/typescript-github/tarball/2015-05-06-3d0daef8eb08104920f9272b32d414b9266a5d78',
154 silly cache add   scope: null,
154 silly cache add   escapedName: 'typescript',
154 silly cache add   name: 'typescript',
154 silly cache add   rawSpec: 'https://github.com/Arnavion/typescript-github/tarball/2015-05-06-3d0daef8eb08104920f9272b32d414b9266a5d78',
154 silly cache add   spec: 'https://github.com/Arnavion/typescript-github/tarball/2015-05-06-3d0daef8eb08104920f9272b32d414b9266a5d78',
154 silly cache add   type: 'remote' }
155 silly mapToRegistry name typescript@https://github.com/Arnavion/typescript-github/tarball/2015-05-06-3d0daef8eb08104920f9272b32d414b9266a5d78
156 silly mapToRegistry using default registry
157 silly mapToRegistry registry https://registry.npmjs.org/
158 silly mapToRegistry data Result {
158 silly mapToRegistry   raw: 'typescript@https://github.com/Arnavion/typescript-github/tarball/2015-05-06-3d0daef8eb08104920f9272b32d414b9266a5d78',
158 silly mapToRegistry   scope: null,
158 silly mapToRegistry   escapedName: 'typescript',
158 silly mapToRegistry   name: 'typescript',
158 silly mapToRegistry   rawSpec: 'https://github.com/Arnavion/typescript-github/tarball/2015-05-06-3d0daef8eb08104920f9272b32d414b9266a5d78',
158 silly mapToRegistry   spec: 'https://github.com/Arnavion/typescript-github/tarball/2015-05-06-3d0daef8eb08104920f9272b32d414b9266a5d78',
158 silly mapToRegistry   type: 'remote' }
159 silly mapToRegistry uri https://github.com/Arnavion/typescript-github/tarball/2015-05-06-3d0daef8eb08104920f9272b32d414b9266a5d78
160 verbose addRemoteTarball https://github.com/Arnavion/typescript-github/tarball/2015-05-06-3d0daef8eb08104920f9272b32d414b9266a5d78 not in flight; adding
161 verbose addRemoteTarball [ 'https://github.com/Arnavion/typescript-github/tarball/2015-05-06-3d0daef8eb08104920f9272b32d414b9266a5d78',
161 verbose addRemoteTarball   null ]
162 silly cache add parsed spec Result {
162 silly cache add   raw: 'atom-package-dependencies@https://github.com/basarat/atom-package-dependencies/archive/cb1.tar.gz',
162 silly cache add   scope: null,
162 silly cache add   escapedName: 'atom-package-dependencies',
162 silly cache add   name: 'atom-package-dependencies',
162 silly cache add   rawSpec: 'https://github.com/basarat/atom-package-dependencies/archive/cb1.tar.gz',
162 silly cache add   spec: 'https://github.com/basarat/atom-package-dependencies/archive/cb1.tar.gz',
162 silly cache add   type: 'remote' }
163 silly mapToRegistry name atom-package-dependencies@https://github.com/basarat/atom-package-dependencies/archive/cb1.tar.gz
164 silly mapToRegistry using default registry
165 silly mapToRegistry registry https://registry.npmjs.org/
166 silly mapToRegistry data Result {
166 silly mapToRegistry   raw: 'atom-package-dependencies@https://github.com/basarat/atom-package-dependencies/archive/cb1.tar.gz',
166 silly mapToRegistry   scope: null,
166 silly mapToRegistry   escapedName: 'atom-package-dependencies',
166 silly mapToRegistry   name: 'atom-package-dependencies',
166 silly mapToRegistry   rawSpec: 'https://github.com/basarat/atom-package-dependencies/archive/cb1.tar.gz',
166 silly mapToRegistry   spec: 'https://github.com/basarat/atom-package-dependencies/archive/cb1.tar.gz',
166 silly mapToRegistry   type: 'remote' }
167 silly mapToRegistry uri https://github.com/basarat/atom-package-dependencies/archive/cb1.tar.gz
168 verbose addRemoteTarball https://github.com/basarat/atom-package-dependencies/archive/cb1.tar.gz not in flight; adding
169 verbose addRemoteTarball [ 'https://github.com/basarat/atom-package-dependencies/archive/cb1.tar.gz',
169 verbose addRemoteTarball   null ]
170 verbose request uri https://registry.npmjs.org/mkdirp
171 verbose request no auth needed
172 info attempt registry request try #1 at 22:51:28
173 verbose etag "J3O6HHMQRLZKHHOE1FWFG5Z3"
174 http request GET https://registry.npmjs.org/mkdirp
175 info retry fetch attempt 1 at 22:51:28
176 info attempt registry request try #1 at 22:51:28
177 http fetch GET https://github.com/Arnavion/typescript-github/tarball/2015-05-06-3d0daef8eb08104920f9272b32d414b9266a5d78
178 info retry fetch attempt 1 at 22:51:28
179 info attempt registry request try #1 at 22:51:28
180 http fetch GET https://github.com/basarat/atom-package-dependencies/archive/cb1.tar.gz
181 http 200 https://registry.npmjs.org/emissary
182 verbose headers { server: 'CouchDB/1.5.0 (Erlang OTP/R16B03)',
182 verbose headers   etag: '"BC01NJWLN57TYSO7TS2H5X4BT"',
182 verbose headers   'content-type': 'application/json',
182 verbose headers   'content-encoding': 'gzip',
182 verbose headers   'cache-control': 'max-age=300',
182 verbose headers   'content-length': '6122',
182 verbose headers   'accept-ranges': 'bytes',
182 verbose headers   date: 'Thu, 22 Sep 2016 20:51:28 GMT',
182 verbose headers   via: '1.1 varnish',
182 verbose headers   age: '278',
182 verbose headers   connection: 'keep-alive',
182 verbose headers   'x-served-by': 'cache-fra1238-FRA',
182 verbose headers   'x-cache': 'HIT',
182 verbose headers   'x-cache-hits': '3',
182 verbose headers   'x-timer': 'S1474577488.930173,VS0,VE0',
182 verbose headers   vary: 'Accept-Encoding' }
183 silly get cb [ 200,
183 silly get   { server: 'CouchDB/1.5.0 (Erlang OTP/R16B03)',
183 silly get     etag: '"BC01NJWLN57TYSO7TS2H5X4BT"',
183 silly get     'content-type': 'application/json',
183 silly get     'content-encoding': 'gzip',
183 silly get     'cache-control': 'max-age=300',
183 silly get     'content-length': '6122',
183 silly get     'accept-ranges': 'bytes',
183 silly get     date: 'Thu, 22 Sep 2016 20:51:28 GMT',
183 silly get     via: '1.1 varnish',
183 silly get     age: '278',
183 silly get     connection: 'keep-alive',
183 silly get     'x-served-by': 'cache-fra1238-FRA',
183 silly get     'x-cache': 'HIT',
183 silly get     'x-cache-hits': '3',
183 silly get     'x-timer': 'S1474577488.930173,VS0,VE0',
183 silly get     vary: 'Accept-Encoding' } ]
184 verbose get saving emissary to /home/jm/.npm/registry.npmjs.org/emissary/.cache.json
185 verbose correctMkdir /home/jm/.npm correctMkdir not in flight; initializing
186 silly resolveWithNewModule emissary@1.3.3 checking installable status
187 silly cache add args [ 'emissary@^1.3.3', null ]
188 verbose cache add spec emissary@^1.3.3
189 silly cache add parsed spec Result {
189 silly cache add   raw: 'emissary@^1.3.3',
189 silly cache add   scope: null,
189 silly cache add   escapedName: 'emissary',
189 silly cache add   name: 'emissary',
189 silly cache add   rawSpec: '^1.3.3',
189 silly cache add   spec: '>=1.3.3 <2.0.0',
189 silly cache add   type: 'range' }
190 silly addNamed emissary@>=1.3.3 <2.0.0
191 verbose addNamed ">=1.3.3 <2.0.0" is a valid semver range for emissary
192 silly addNameRange { name: 'emissary', range: '>=1.3.3 <2.0.0', hasData: false }
193 silly mapToRegistry name emissary
194 silly mapToRegistry using default registry
195 silly mapToRegistry registry https://registry.npmjs.org/
196 silly mapToRegistry data Result {
196 silly mapToRegistry   raw: 'emissary',
196 silly mapToRegistry   scope: null,
196 silly mapToRegistry   escapedName: 'emissary',
196 silly mapToRegistry   name: 'emissary',
196 silly mapToRegistry   rawSpec: '',
196 silly mapToRegistry   spec: 'latest',
196 silly mapToRegistry   type: 'tag' }
197 silly mapToRegistry uri https://registry.npmjs.org/emissary
198 verbose addNameRange registry:https://registry.npmjs.org/emissary not in flight; fetching
199 verbose get https://registry.npmjs.org/emissary not expired, no request
200 silly addNameRange number 2 { name: 'emissary', range: '>=1.3.3 <2.0.0', hasData: true }
201 silly addNameRange versions [ 'emissary',
201 silly addNameRange   [ '0.1.0',
201 silly addNameRange     '0.1.1',
201 silly addNameRange     '0.2.0',
201 silly addNameRange     '0.3.0',
201 silly addNameRange     '0.4.0',
201 silly addNameRange     '0.5.0',
201 silly addNameRange     '0.6.0',
201 silly addNameRange     '0.7.0',
201 silly addNameRange     '0.8.0',
201 silly addNameRange     '0.9.0',
201 silly addNameRange     '0.10.0',
201 silly addNameRange     '0.11.0',
201 silly addNameRange     '0.12.0',
201 silly addNameRange     '0.13.0',
201 silly addNameRange     '0.14.0',
201 silly addNameRange     '0.15.0',
201 silly addNameRange     '0.16.0',
201 silly addNameRange     '0.17.0',
201 silly addNameRange     '0.18.0',
201 silly addNameRange     '0.19.0',
201 silly addNameRange     '0.20.0',
201 silly addNameRange     '0.21.0',
201 silly addNameRange     '0.22.0',
201 silly addNameRange     '0.24.0',
201 silly addNameRange     '0.25.0',
201 silly addNameRange     '0.26.0',
201 silly addNameRange     '0.27.0',
201 silly addNameRange     '0.28.0',
201 silly addNameRange     '0.29.0',
201 silly addNameRange     '0.30.0',
201 silly addNameRange     '0.31.0',
201 silly addNameRange     '1.0.0',
201 silly addNameRange     '1.1.0',
201 silly addNameRange     '1.2.0',
201 silly addNameRange     '1.2.1',
201 silly addNameRange     '1.2.2',
201 silly addNameRange     '1.3.0',
201 silly addNameRange     '1.3.1',
201 silly addNameRange     '1.3.2',
201 silly addNameRange     '1.3.3' ] ]
202 silly addNamed emissary@1.3.3
203 verbose addNamed "1.3.3" is a plain semver version for emissary
204 silly mapToRegistry name emissary
205 silly mapToRegistry using default registry
206 silly mapToRegistry registry https://registry.npmjs.org/
207 silly mapToRegistry data Result {
207 silly mapToRegistry   raw: 'emissary',
207 silly mapToRegistry   scope: null,
207 silly mapToRegistry   escapedName: 'emissary',
207 silly mapToRegistry   name: 'emissary',
207 silly mapToRegistry   rawSpec: '',
207 silly mapToRegistry   spec: 'latest',
207 silly mapToRegistry   type: 'tag' }
208 silly mapToRegistry uri https://registry.npmjs.org/emissary
209 verbose addRemoteTarball https://registry.npmjs.org/emissary/-/emissary-1.3.3.tgz not in flight; adding
210 verbose addRemoteTarball [ 'https://registry.npmjs.org/emissary/-/emissary-1.3.3.tgz',
210 verbose addRemoteTarball   'a618d92d682b232d31111dc3625a5df661799606' ]
211 info retry fetch attempt 1 at 22:51:29
212 info attempt registry request try #1 at 22:51:29
213 http fetch GET https://registry.npmjs.org/emissary/-/emissary-1.3.3.tgz
214 http fetch 200 https://registry.npmjs.org/emissary/-/emissary-1.3.3.tgz
215 silly fetchAndShaCheck shasum a618d92d682b232d31111dc3625a5df661799606
216 verbose addTmpTarball /tmp/npm-7643-317c4073/registry.npmjs.org/emissary/-/emissary-1.3.3.tgz not in flight; adding
217 verbose addTmpTarball already have metadata; skipping unpack for emissary@1.3.3
218 verbose correctMkdir /home/jm/.npm correctMkdir not in flight; initializing
219 http 200 https://registry.npmjs.org/glob-expand
220 verbose headers { server: 'CouchDB/1.5.0 (Erlang OTP/R16B03)',
220 verbose headers   etag: '"BXQNH6GK9R7EF9NNELDYTCB5F"',
220 verbose headers   'content-type': 'application/json',
220 verbose headers   'content-encoding': 'gzip',
220 verbose headers   'cache-control': 'max-age=300',
220 verbose headers   'content-length': '3193',
220 verbose headers   'accept-ranges': 'bytes',
220 verbose headers   date: 'Thu, 22 Sep 2016 20:51:29 GMT',
220 verbose headers   via: '1.1 varnish',
220 verbose headers   age: '19',
220 verbose headers   connection: 'keep-alive',
220 verbose headers   'x-served-by': 'cache-fra1239-FRA',
220 verbose headers   'x-cache': 'HIT',
220 verbose headers   'x-cache-hits': '1',
220 verbose headers   'x-timer': 'S1474577489.027211,VS0,VE0',
220 verbose headers   vary: 'Accept-Encoding' }
221 silly get cb [ 200,
221 silly get   { server: 'CouchDB/1.5.0 (Erlang OTP/R16B03)',
221 silly get     etag: '"BXQNH6GK9R7EF9NNELDYTCB5F"',
221 silly get     'content-type': 'application/json',
221 silly get     'content-encoding': 'gzip',
221 silly get     'cache-control': 'max-age=300',
221 silly get     'content-length': '3193',
221 silly get     'accept-ranges': 'bytes',
221 silly get     date: 'Thu, 22 Sep 2016 20:51:29 GMT',
221 silly get     via: '1.1 varnish',
221 silly get     age: '19',
221 silly get     connection: 'keep-alive',
221 silly get     'x-served-by': 'cache-fra1239-FRA',
221 silly get     'x-cache': 'HIT',
221 silly get     'x-cache-hits': '1',
221 silly get     'x-timer': 'S1474577489.027211,VS0,VE0',
221 silly get     vary: 'Accept-Encoding' } ]
222 verbose get saving glob-expand to /home/jm/.npm/registry.npmjs.org/glob-expand/.cache.json
223 verbose correctMkdir /home/jm/.npm correctMkdir not in flight; initializing
224 http 200 https://registry.npmjs.org/fuzzaldrin
225 verbose headers { server: 'CouchDB/1.5.0 (Erlang OTP/R16B03)',
225 verbose headers   etag: '"3HU1LAA11Q8AH0HAP1DI5FEI"',
225 verbose headers   'content-type': 'application/json',
225 verbose headers   'content-encoding': 'gzip',
225 verbose headers   'cache-control': 'max-age=300',
225 verbose headers   'content-length': '2956',
225 verbose headers   'accept-ranges': 'bytes',
225 verbose headers   date: 'Thu, 22 Sep 2016 20:51:29 GMT',
225 verbose headers   via: '1.1 varnish',
225 verbose headers   age: '31',
225 verbose headers   connection: 'keep-alive',
225 verbose headers   'x-served-by': 'cache-fra1242-FRA',
225 verbose headers   'x-cache': 'HIT',
225 verbose headers   'x-cache-hits': '1',
225 verbose headers   'x-timer': 'S1474577489.033894,VS0,VE0',
225 verbose headers   vary: 'Accept-Encoding' }
226 silly get cb [ 200,
226 silly get   { server: 'CouchDB/1.5.0 (Erlang OTP/R16B03)',
226 silly get     etag: '"3HU1LAA11Q8AH0HAP1DI5FEI"',
226 silly get     'content-type': 'application/json',
226 silly get     'content-encoding': 'gzip',
226 silly get     'cache-control': 'max-age=300',
226 silly get     'content-length': '2956',
226 silly get     'accept-ranges': 'bytes',
226 silly get     date: 'Thu, 22 Sep 2016 20:51:29 GMT',
226 silly get     via: '1.1 varnish',
226 silly get     age: '31',
226 silly get     connection: 'keep-alive',
226 silly get     'x-served-by': 'cache-fra1242-FRA',
226 silly get     'x-cache': 'HIT',
226 silly get     'x-cache-hits': '1',
226 silly get     'x-timer': 'S1474577489.033894,VS0,VE0',
226 silly get     vary: 'Accept-Encoding' } ]
227 verbose get saving fuzzaldrin to /home/jm/.npm/registry.npmjs.org/fuzzaldrin/.cache.json
228 verbose correctMkdir /home/jm/.npm correctMkdir not in flight; initializing
229 http 200 https://registry.npmjs.org/atom-space-pen-views
230 verbose headers { server: 'CouchDB/1.6.1 (Erlang OTP/R16B03)',
230 verbose headers   etag: '"8J3B7WSLKZ84TDY8JP006VWU"',
230 verbose headers   'content-type': 'application/json',
230 verbose headers   'content-encoding': 'gzip',
230 verbose headers   'cache-control': 'max-age=300',
230 verbose headers   'content-length': '7443',
230 verbose headers   'accept-ranges': 'bytes',
230 verbose headers   date: 'Thu, 22 Sep 2016 20:51:29 GMT',
230 verbose headers   via: '1.1 varnish',
230 verbose headers   age: '142',
230 verbose headers   connection: 'keep-alive',
230 verbose headers   'x-served-by': 'cache-fra1227-FRA',
230 verbose headers   'x-cache': 'HIT',
230 verbose headers   'x-cache-hits': '1',
230 verbose headers   'x-timer': 'S1474577489.035984,VS0,VE0',
230 verbose headers   vary: 'Accept-Encoding' }
231 silly get cb [ 200,
231 silly get   { server: 'CouchDB/1.6.1 (Erlang OTP/R16B03)',
231 silly get     etag: '"8J3B7WSLKZ84TDY8JP006VWU"',
231 silly get     'content-type': 'application/json',
231 silly get     'content-encoding': 'gzip',
231 silly get     'cache-control': 'max-age=300',
231 silly get     'content-length': '7443',
231 silly get     'accept-ranges': 'bytes',
231 silly get     date: 'Thu, 22 Sep 2016 20:51:29 GMT',
231 silly get     via: '1.1 varnish',
231 silly get     age: '142',
231 silly get     connection: 'keep-alive',
231 silly get     'x-served-by': 'cache-fra1227-FRA',
231 silly get     'x-cache': 'HIT',
231 silly get     'x-cache-hits': '1',
231 silly get     'x-timer': 'S1474577489.035984,VS0,VE0',
231 silly get     vary: 'Accept-Encoding' } ]
232 verbose get saving atom-space-pen-views to /home/jm/.npm/registry.npmjs.org/atom-space-pen-views/.cache.json
233 verbose correctMkdir /home/jm/.npm correctMkdir not in flight; initializing
234 silly cache afterAdd emissary@1.3.3
235 verbose afterAdd /home/jm/.npm/emissary/1.3.3/package/package.json not in flight; writing
236 verbose correctMkdir /home/jm/.npm correctMkdir not in flight; initializing
237 verbose afterAdd /home/jm/.npm/emissary/1.3.3/package/package.json written
238 http 200 https://registry.npmjs.org/season
239 verbose headers { server: 'CouchDB/1.5.0 (Erlang OTP/R16B03)',
239 verbose headers   etag: '"ELEL6YIIZHFOK3YAPC94G5544"',
239 verbose headers   'content-type': 'application/json',
239 verbose headers   'content-encoding': 'gzip',
239 verbose headers   'cache-control': 'max-age=300',
239 verbose headers   'content-length': '5934',
239 verbose headers   'accept-ranges': 'bytes',
239 verbose headers   date: 'Thu, 22 Sep 2016 20:51:29 GMT',
239 verbose headers   via: '1.1 varnish',
239 verbose headers   age: '88',
239 verbose headers   connection: 'keep-alive',
239 verbose headers   'x-served-by': 'cache-fra1236-FRA',
239 verbose headers   'x-cache': 'HIT',
239 verbose headers   'x-cache-hits': '1',
239 verbose headers   'x-timer': 'S1474577489.071435,VS0,VE0',
239 verbose headers   vary: 'Accept-Encoding' }
240 silly get cb [ 200,
240 silly get   { server: 'CouchDB/1.5.0 (Erlang OTP/R16B03)',
240 silly get     etag: '"ELEL6YIIZHFOK3YAPC94G5544"',
240 silly get     'content-type': 'application/json',
240 silly get     'content-encoding': 'gzip',
240 silly get     'cache-control': 'max-age=300',
240 silly get     'content-length': '5934',
240 silly get     'accept-ranges': 'bytes',
240 silly get     date: 'Thu, 22 Sep 2016 20:51:29 GMT',
240 silly get     via: '1.1 varnish',
240 silly get     age: '88',
240 silly get     connection: 'keep-alive',
240 silly get     'x-served-by': 'cache-fra1236-FRA',
240 silly get     'x-cache': 'HIT',
240 silly get     'x-cache-hits': '1',
240 silly get     'x-timer': 'S1474577489.071435,VS0,VE0',
240 silly get     vary: 'Accept-Encoding' } ]
241 verbose get saving season to /home/jm/.npm/registry.npmjs.org/season/.cache.json
242 verbose correctMkdir /home/jm/.npm correctMkdir not in flight; initializing
243 silly resolveWithNewModule glob-expand@0.0.2 checking installable status
244 silly cache add args [ 'glob-expand@0.0.2', null ]
245 verbose cache add spec glob-expand@0.0.2
246 silly cache add parsed spec Result {
246 silly cache add   raw: 'glob-expand@0.0.2',
246 silly cache add   scope: null,
246 silly cache add   escapedName: 'glob-expand',
246 silly cache add   name: 'glob-expand',
246 silly cache add   rawSpec: '0.0.2',
246 silly cache add   spec: '0.0.2',
246 silly cache add   type: 'version' }
247 silly addNamed glob-expand@0.0.2
248 verbose addNamed "0.0.2" is a plain semver version for glob-expand
249 silly mapToRegistry name glob-expand
250 silly mapToRegistry using default registry
251 silly mapToRegistry registry https://registry.npmjs.org/
252 silly mapToRegistry data Result {
252 silly mapToRegistry   raw: 'glob-expand',
252 silly mapToRegistry   scope: null,
252 silly mapToRegistry   escapedName: 'glob-expand',
252 silly mapToRegistry   name: 'glob-expand',
252 silly mapToRegistry   rawSpec: '',
252 silly mapToRegistry   spec: 'latest',
252 silly mapToRegistry   type: 'tag' }
253 silly mapToRegistry uri https://registry.npmjs.org/glob-expand
254 verbose addNameVersion registry:https://registry.npmjs.org/glob-expand not in flight; fetching
255 http 304 https://registry.npmjs.org/mkdirp
256 verbose headers { date: 'Thu, 22 Sep 2016 20:51:29 GMT',
256 verbose headers   via: '1.1 varnish',
256 verbose headers   'cache-control': 'max-age=300',
256 verbose headers   etag: '"J3O6HHMQRLZKHHOE1FWFG5Z3"',
256 verbose headers   age: '294',
256 verbose headers   connection: 'keep-alive',
256 verbose headers   'x-served-by': 'cache-fra1244-FRA',
256 verbose headers   'x-cache': 'HIT',
256 verbose headers   'x-cache-hits': '17',
256 verbose headers   'x-timer': 'S1474577489.075633,VS0,VE0',
256 verbose headers   vary: 'Accept-Encoding' }
257 silly get cb [ 304,
257 silly get   { date: 'Thu, 22 Sep 2016 20:51:29 GMT',
257 silly get     via: '1.1 varnish',
257 silly get     'cache-control': 'max-age=300',
257 silly get     etag: '"J3O6HHMQRLZKHHOE1FWFG5Z3"',
257 silly get     age: '294',
257 silly get     connection: 'keep-alive',
257 silly get     'x-served-by': 'cache-fra1244-FRA',
257 silly get     'x-cache': 'HIT',
257 silly get     'x-cache-hits': '17',
257 silly get     'x-timer': 'S1474577489.075633,VS0,VE0',
257 silly get     vary: 'Accept-Encoding' } ]
258 verbose etag https://registry.npmjs.org/mkdirp from cache
259 verbose get saving mkdirp to /home/jm/.npm/registry.npmjs.org/mkdirp/.cache.json
260 verbose correctMkdir /home/jm/.npm correctMkdir not in flight; initializing
261 verbose get https://registry.npmjs.org/glob-expand not expired, no request
262 silly mapToRegistry name glob-expand
263 silly mapToRegistry using default registry
264 silly mapToRegistry registry https://registry.npmjs.org/
265 silly mapToRegistry data Result {
265 silly mapToRegistry   raw: 'glob-expand',
265 silly mapToRegistry   scope: null,
265 silly mapToRegistry   escapedName: 'glob-expand',
265 silly mapToRegistry   name: 'glob-expand',
265 silly mapToRegistry   rawSpec: '',
265 silly mapToRegistry   spec: 'latest',
265 silly mapToRegistry   type: 'tag' }
266 silly mapToRegistry uri https://registry.npmjs.org/glob-expand
267 verbose addRemoteTarball https://registry.npmjs.org/glob-expand/-/glob-expand-0.0.2.tgz not in flight; adding
268 verbose addRemoteTarball [ 'https://registry.npmjs.org/glob-expand/-/glob-expand-0.0.2.tgz',
268 verbose addRemoteTarball   '00b11cb522f808c4d0364a5617e1b9f80488e5e8' ]
269 info retry fetch attempt 1 at 22:51:29
270 info attempt registry request try #1 at 22:51:29
271 http fetch GET https://registry.npmjs.org/glob-expand/-/glob-expand-0.0.2.tgz
272 silly resolveWithNewModule fuzzaldrin@2.1.0 checking installable status
273 silly cache add args [ 'fuzzaldrin@^2.1.0', null ]
274 verbose cache add spec fuzzaldrin@^2.1.0
275 silly cache add parsed spec Result {
275 silly cache add   raw: 'fuzzaldrin@^2.1.0',
275 silly cache add   scope: null,
275 silly cache add   escapedName: 'fuzzaldrin',
275 silly cache add   name: 'fuzzaldrin',
275 silly cache add   rawSpec: '^2.1.0',
275 silly cache add   spec: '>=2.1.0 <3.0.0',
275 silly cache add   type: 'range' }
276 silly addNamed fuzzaldrin@>=2.1.0 <3.0.0
277 verbose addNamed ">=2.1.0 <3.0.0" is a valid semver range for fuzzaldrin
278 silly addNameRange { name: 'fuzzaldrin', range: '>=2.1.0 <3.0.0', hasData: false }
279 silly mapToRegistry name fuzzaldrin
280 silly mapToRegistry using default registry
281 silly mapToRegistry registry https://registry.npmjs.org/
282 silly mapToRegistry data Result {
282 silly mapToRegistry   raw: 'fuzzaldrin',
282 silly mapToRegistry   scope: null,
282 silly mapToRegistry   escapedName: 'fuzzaldrin',
282 silly mapToRegistry   name: 'fuzzaldrin',
282 silly mapToRegistry   rawSpec: '',
282 silly mapToRegistry   spec: 'latest',
282 silly mapToRegistry   type: 'tag' }
283 silly mapToRegistry uri https://registry.npmjs.org/fuzzaldrin
284 verbose addNameRange registry:https://registry.npmjs.org/fuzzaldrin not in flight; fetching
285 silly resolveWithNewModule mkdirp@0.5.1 checking installable status
286 silly cache add args [ 'mkdirp@^0.5.0', null ]
287 verbose cache add spec mkdirp@^0.5.0
288 silly cache add parsed spec Result {
288 silly cache add   raw: 'mkdirp@^0.5.0',
288 silly cache add   scope: null,
288 silly cache add   escapedName: 'mkdirp',
288 silly cache add   name: 'mkdirp',
288 silly cache add   rawSpec: '^0.5.0',
288 silly cache add   spec: '>=0.5.0 <0.6.0',
288 silly cache add   type: 'range' }
289 silly addNamed mkdirp@>=0.5.0 <0.6.0
290 verbose addNamed ">=0.5.0 <0.6.0" is a valid semver range for mkdirp
291 silly addNameRange { name: 'mkdirp', range: '>=0.5.0 <0.6.0', hasData: false }
292 silly mapToRegistry name mkdirp
293 silly mapToRegistry using default registry
294 silly mapToRegistry registry https://registry.npmjs.org/
295 silly mapToRegistry data Result {
295 silly mapToRegistry   raw: 'mkdirp',
295 silly mapToRegistry   scope: null,
295 silly mapToRegistry   escapedName: 'mkdirp',
295 silly mapToRegistry   name: 'mkdirp',
295 silly mapToRegistry   rawSpec: '',
295 silly mapToRegistry   spec: 'latest',
295 silly mapToRegistry   type: 'tag' }
296 silly mapToRegistry uri https://registry.npmjs.org/mkdirp
297 verbose addNameRange registry:https://registry.npmjs.org/mkdirp not in flight; fetching
298 silly resolveWithNewModule atom-space-pen-views@2.2.0 checking installable status
299 silly cache add args [ 'atom-space-pen-views@^2.0.4', null ]
300 verbose cache add spec atom-space-pen-views@^2.0.4
301 silly cache add parsed spec Result {
301 silly cache add   raw: 'atom-space-pen-views@^2.0.4',
301 silly cache add   scope: null,
301 silly cache add   escapedName: 'atom-space-pen-views',
301 silly cache add   name: 'atom-space-pen-views',
301 silly cache add   rawSpec: '^2.0.4',
301 silly cache add   spec: '>=2.0.4 <3.0.0',
301 silly cache add   type: 'range' }
302 silly addNamed atom-space-pen-views@>=2.0.4 <3.0.0
303 verbose addNamed ">=2.0.4 <3.0.0" is a valid semver range for atom-space-pen-views
304 silly addNameRange { name: 'atom-space-pen-views',
304 silly addNameRange   range: '>=2.0.4 <3.0.0',
304 silly addNameRange   hasData: false }
305 silly mapToRegistry name atom-space-pen-views
306 silly mapToRegistry using default registry
307 silly mapToRegistry registry https://registry.npmjs.org/
308 silly mapToRegistry data Result {
308 silly mapToRegistry   raw: 'atom-space-pen-views',
308 silly mapToRegistry   scope: null,
308 silly mapToRegistry   escapedName: 'atom-space-pen-views',
308 silly mapToRegistry   name: 'atom-space-pen-views',
308 silly mapToRegistry   rawSpec: '',
308 silly mapToRegistry   spec: 'latest',
308 silly mapToRegistry   type: 'tag' }
309 silly mapToRegistry uri https://registry.npmjs.org/atom-space-pen-views
310 verbose addNameRange registry:https://registry.npmjs.org/atom-space-pen-views not in flight; fetching
311 silly resolveWithNewModule season@5.3.0 checking installable status
312 silly cache add args [ 'season@^5.1.4', null ]
313 verbose cache add spec season@^5.1.4
314 silly cache add parsed spec Result {
314 silly cache add   raw: 'season@^5.1.4',
314 silly cache add   scope: null,
314 silly cache add   escapedName: 'season',
314 silly cache add   name: 'season',
314 silly cache add   rawSpec: '^5.1.4',
314 silly cache add   spec: '>=5.1.4 <6.0.0',
314 silly cache add   type: 'range' }
315 silly addNamed season@>=5.1.4 <6.0.0
316 verbose addNamed ">=5.1.4 <6.0.0" is a valid semver range for season
317 silly addNameRange { name: 'season', range: '>=5.1.4 <6.0.0', hasData: false }
318 silly mapToRegistry name season
319 silly mapToRegistry using default registry
320 silly mapToRegistry registry https://registry.npmjs.org/
321 silly mapToRegistry data Result {
321 silly mapToRegistry   raw: 'season',
321 silly mapToRegistry   scope: null,
321 silly mapToRegistry   escapedName: 'season',
321 silly mapToRegistry   name: 'season',
321 silly mapToRegistry   rawSpec: '',
321 silly mapToRegistry   spec: 'latest',
321 silly mapToRegistry   type: 'tag' }
322 silly mapToRegistry uri https://registry.npmjs.org/season
323 verbose addNameRange registry:https://registry.npmjs.org/season not in flight; fetching
324 verbose get https://registry.npmjs.org/fuzzaldrin not expired, no request
325 silly addNameRange number 2 { name: 'fuzzaldrin', range: '>=2.1.0 <3.0.0', hasData: true }
326 silly addNameRange versions [ 'fuzzaldrin',
326 silly addNameRange   [ '0.1.0',
326 silly addNameRange     '0.2.0',
326 silly addNameRange     '0.3.0',
326 silly addNameRange     '0.4.0',
326 silly addNameRange     '0.5.0',
326 silly addNameRange     '0.6.0',
326 silly addNameRange     '0.7.0',
326 silly addNameRange     '0.8.0',
326 silly addNameRange     '1.0.0',
326 silly addNameRange     '1.1.0',
326 silly addNameRange     '1.2.0',
326 silly addNameRange     '2.0.0',
326 silly addNameRange     '2.1.0' ] ]
327 silly addNamed fuzzaldrin@2.1.0
328 verbose addNamed "2.1.0" is a plain semver version for fuzzaldrin
329 verbose get https://registry.npmjs.org/mkdirp not expired, no request
330 silly addNameRange number 2 { name: 'mkdirp', range: '>=0.5.0 <0.6.0', hasData: true }
331 silly addNameRange versions [ 'mkdirp',
331 silly addNameRange   [ '0.0.1',
331 silly addNameRange     '0.0.2',
331 silly addNameRange     '0.0.3',
331 silly addNameRange     '0.0.4',
331 silly addNameRange     '0.0.5',
331 silly addNameRange     '0.0.6',
331 silly addNameRange     '0.0.7',
331 silly addNameRange     '0.1.0',
331 silly addNameRange     '0.2.0',
331 silly addNameRange     '0.2.1',
331 silly addNameRange     '0.2.2',
331 silly addNameRange     '0.3.0',
331 silly addNameRange     '0.3.1',
331 silly addNameRange     '0.3.2',
331 silly addNameRange     '0.3.3',
331 silly addNameRange     '0.3.4',
331 silly addNameRange     '0.3.5',
331 silly addNameRange     '0.4.0',
331 silly addNameRange     '0.4.1',
331 silly addNameRange     '0.4.2',
331 silly addNameRange     '0.5.0',
331 silly addNameRange     '0.5.1' ] ]
332 silly addNamed mkdirp@0.5.1
333 verbose addNamed "0.5.1" is a plain semver version for mkdirp
334 silly mapToRegistry name fuzzaldrin
335 silly mapToRegistry using default registry
336 silly mapToRegistry registry https://registry.npmjs.org/
337 silly mapToRegistry data Result {
337 silly mapToRegistry   raw: 'fuzzaldrin',
337 silly mapToRegistry   scope: null,
337 silly mapToRegistry   escapedName: 'fuzzaldrin',
337 silly mapToRegistry   name: 'fuzzaldrin',
337 silly mapToRegistry   rawSpec: '',
337 silly mapToRegistry   spec: 'latest',
337 silly mapToRegistry   type: 'tag' }
338 silly mapToRegistry uri https://registry.npmjs.org/fuzzaldrin
339 verbose addRemoteTarball https://registry.npmjs.org/fuzzaldrin/-/fuzzaldrin-2.1.0.tgz not in flight; adding
340 verbose addRemoteTarball [ 'https://registry.npmjs.org/fuzzaldrin/-/fuzzaldrin-2.1.0.tgz',
340 verbose addRemoteTarball   '90204c3e2fdaa6941bb28d16645d418063a90e9b' ]
341 verbose get https://registry.npmjs.org/atom-space-pen-views not expired, no request
342 silly addNameRange number 2 { name: 'atom-space-pen-views',
342 silly addNameRange   range: '>=2.0.4 <3.0.0',
342 silly addNameRange   hasData: true }
343 silly addNameRange versions [ 'atom-space-pen-views',
343 silly addNameRange   [ '0.1.0',
343 silly addNameRange     '0.2.0',
343 silly addNameRange     '0.3.0',
343 silly addNameRange     '0.4.0',
343 silly addNameRange     '0.5.0',
343 silly addNameRange     '0.6.0',
343 silly addNameRange     '0.7.0',
343 silly addNameRange     '0.8.0',
343 silly addNameRange     '0.9.0',
343 silly addNameRange     '0.10.0',
343 silly addNameRange     '0.11.0',
343 silly addNameRange     '0.13.0',
343 silly addNameRange     '0.14.0',
343 silly addNameRange     '0.15.0',
343 silly addNameRange     '0.16.0',
343 silly addNameRange     '0.17.0',
343 silly addNameRange     '0.18.0',
343 silly addNameRange     '0.19.0',
343 silly addNameRange     '0.20.0',
343 silly addNameRange     '0.21.0',
343 silly addNameRange     '1.0.0',
343 silly addNameRange     '2.0.0',
343 silly addNameRange     '2.0.1',
343 silly addNameRange     '2.0.2',
343 silly addNameRange     '2.0.3',
343 silly addNameRange     '2.0.4',
343 silly addNameRange     '2.0.5',
343 silly addNameRange     '2.1.0',
343 silly addNameRange     '2.1.1',
343 silly addNameRange     '2.2.0' ] ]
344 silly addNamed atom-space-pen-views@2.2.0
345 verbose addNamed "2.2.0" is a plain semver version for atom-space-pen-views
346 verbose get https://registry.npmjs.org/season not expired, no request
347 silly addNameRange number 2 { name: 'season', range: '>=5.1.4 <6.0.0', hasData: true }
348 silly addNameRange versions [ 'season',
348 silly addNameRange   [ '0.1.0',
348 silly addNameRange     '0.2.0',
348 silly addNameRange     '0.3.0',
348 silly addNameRange     '0.5.0',
348 silly addNameRange     '0.4.0',
348 silly addNameRange     '0.6.0',
348 silly addNameRange     '0.7.0',
348 silly addNameRange     '0.9.0',
348 silly addNameRange     '0.10.0',
348 silly addNameRange     '0.11.0',
348 silly addNameRange     '0.12.0',
348 silly addNameRange     '0.13.0',
348 silly addNameRange     '0.14.0',
348 silly addNameRange     '1.0.0',
348 silly addNameRange     '1.0.1',
348 silly addNameRange     '1.0.2',
348 silly addNameRange     '2.0.0',
348 silly addNameRange     '3.0.0',
348 silly addNameRange     '4.0.0',
348 silly addNameRange     '4.0.1',
348 silly addNameRange     '4.0.2',
348 silly addNameRange     '4.0.3',
348 silly addNameRange     '5.0.0',
348 silly addNameRange     '5.0.1',
348 silly addNameRange     '5.0.2',
348 silly addNameRange     '5.0.3',
348 silly addNameRange     '5.0.4',
348 silly addNameRange     '5.0.5',
348 silly addNameRange     '5.1.0',
348 silly addNameRange     '5.1.1',
348 silly addNameRange     '5.1.2',
348 silly addNameRange     '5.1.3',
348 silly addNameRange     '5.1.4',
348 silly addNameRange     '5.1.5',
348 silly addNameRange     '5.2.0',
348 silly addNameRange     '5.3.0' ] ]
349 silly addNamed season@5.3.0
350 verbose addNamed "5.3.0" is a plain semver version for season
351 silly mapToRegistry name atom-space-pen-views
352 silly mapToRegistry using default registry
353 silly mapToRegistry registry https://registry.npmjs.org/
354 silly mapToRegistry data Result {
354 silly mapToRegistry   raw: 'atom-space-pen-views',
354 silly mapToRegistry   scope: null,
354 silly mapToRegistry   escapedName: 'atom-space-pen-views',
354 silly mapToRegistry   name: 'atom-space-pen-views',
354 silly mapToRegistry   rawSpec: '',
354 silly mapToRegistry   spec: 'latest',
354 silly mapToRegistry   type: 'tag' }
355 silly mapToRegistry uri https://registry.npmjs.org/atom-space-pen-views
356 verbose addRemoteTarball https://registry.npmjs.org/atom-space-pen-views/-/atom-space-pen-views-2.2.0.tgz not in flight; adding
357 verbose addRemoteTarball [ 'https://registry.npmjs.org/atom-space-pen-views/-/atom-space-pen-views-2.2.0.tgz',
357 verbose addRemoteTarball   'a65b2c920ed02f724014fa7d3e5c3d78fbf59997' ]
358 silly mapToRegistry name season
359 silly mapToRegistry using default registry
360 silly mapToRegistry registry https://registry.npmjs.org/
361 silly mapToRegistry data Result {
361 silly mapToRegistry   raw: 'season',
361 silly mapToRegistry   scope: null,
361 silly mapToRegistry   escapedName: 'season',
361 silly mapToRegistry   name: 'season',
361 silly mapToRegistry   rawSpec: '',
361 silly mapToRegistry   spec: 'latest',
361 silly mapToRegistry   type: 'tag' }
362 silly mapToRegistry uri https://registry.npmjs.org/season
363 verbose addRemoteTarball https://registry.npmjs.org/season/-/season-5.3.0.tgz not in flight; adding
364 verbose addRemoteTarball [ 'https://registry.npmjs.org/season/-/season-5.3.0.tgz',
364 verbose addRemoteTarball   '282d397e6416f44923287bd55450ad080b95db65' ]
365 info retry fetch attempt 1 at 22:51:29
366 info attempt registry request try #1 at 22:51:29
367 http fetch GET https://registry.npmjs.org/fuzzaldrin/-/fuzzaldrin-2.1.0.tgz
368 silly cache afterAdd mkdirp@0.5.1
369 verbose afterAdd /home/jm/.npm/mkdirp/0.5.1/package/package.json not in flight; writing
370 verbose correctMkdir /home/jm/.npm correctMkdir not in flight; initializing
371 verbose afterAdd /home/jm/.npm/mkdirp/0.5.1/package/package.json written
372 http 200 https://registry.npmjs.org/d3
373 verbose headers { server: 'CouchDB/1.5.0 (Erlang OTP/R16B03)',
373 verbose headers   etag: '"48OF65SOEU3QH6J6P5QRG162B"',
373 verbose headers   'content-type': 'application/json',
373 verbose headers   'content-encoding': 'gzip',
373 verbose headers   'cache-control': 'max-age=300',
373 verbose headers   'content-length': '30015',
373 verbose headers   'accept-ranges': 'bytes',
373 verbose headers   date: 'Thu, 22 Sep 2016 20:51:29 GMT',
373 verbose headers   via: '1.1 varnish',
373 verbose headers   age: '19',
373 verbose headers   connection: 'keep-alive',
373 verbose headers   'x-served-by': 'cache-fra1236-FRA',
373 verbose headers   'x-cache': 'HIT',
373 verbose headers   'x-cache-hits': '1',
373 verbose headers   'x-timer': 'S1474577489.073749,VS0,VE0',
373 verbose headers   vary: 'Accept-Encoding' }
374 silly get cb [ 200,
374 silly get   { server: 'CouchDB/1.5.0 (Erlang OTP/R16B03)',
374 silly get     etag: '"48OF65SOEU3QH6J6P5QRG162B"',
374 silly get     'content-type': 'application/json',
374 silly get     'content-encoding': 'gzip',
374 silly get     'cache-control': 'max-age=300',
374 silly get     'content-length': '30015',
374 silly get     'accept-ranges': 'bytes',
374 silly get     date: 'Thu, 22 Sep 2016 20:51:29 GMT',
374 silly get     via: '1.1 varnish',
374 silly get     age: '19',
374 silly get     connection: 'keep-alive',
374 silly get     'x-served-by': 'cache-fra1236-FRA',
374 silly get     'x-cache': 'HIT',
374 silly get     'x-cache-hits': '1',
374 silly get     'x-timer': 'S1474577489.073749,VS0,VE0',
374 silly get     vary: 'Accept-Encoding' } ]
375 verbose get saving d3 to /home/jm/.npm/registry.npmjs.org/d3/.cache.json
376 verbose correctMkdir /home/jm/.npm correctMkdir not in flight; initializing
377 info retry fetch attempt 1 at 22:51:29
378 info attempt registry request try #1 at 22:51:29
379 http fetch GET https://registry.npmjs.org/atom-space-pen-views/-/atom-space-pen-views-2.2.0.tgz
380 http fetch 200 https://registry.npmjs.org/glob-expand/-/glob-expand-0.0.2.tgz
381 info retry fetch attempt 1 at 22:51:29
382 info attempt registry request try #1 at 22:51:29
383 http fetch GET https://registry.npmjs.org/season/-/season-5.3.0.tgz
384 silly fetchAndShaCheck shasum 00b11cb522f808c4d0364a5617e1b9f80488e5e8
385 verbose addTmpTarball /tmp/npm-7643-317c4073/registry.npmjs.org/glob-expand/-/glob-expand-0.0.2.tgz not in flight; adding
386 verbose addTmpTarball already have metadata; skipping unpack for glob-expand@0.0.2
387 verbose correctMkdir /home/jm/.npm correctMkdir not in flight; initializing
388 silly resolveWithNewModule d3@3.5.17 checking installable status
389 silly cache add args [ 'd3@^3.5.5', null ]
390 verbose cache add spec d3@^3.5.5
391 silly cache add parsed spec Result {
391 silly cache add   raw: 'd3@^3.5.5',
391 silly cache add   scope: null,
391 silly cache add   escapedName: 'd3',
391 silly cache add   name: 'd3',
391 silly cache add   rawSpec: '^3.5.5',
391 silly cache add   spec: '>=3.5.5 <4.0.0',
391 silly cache add   type: 'range' }
392 silly addNamed d3@>=3.5.5 <4.0.0
393 verbose addNamed ">=3.5.5 <4.0.0" is a valid semver range for d3
394 silly addNameRange { name: 'd3', range: '>=3.5.5 <4.0.0', hasData: false }
395 silly mapToRegistry name d3
396 silly mapToRegistry using default registry
397 silly mapToRegistry registry https://registry.npmjs.org/
398 silly mapToRegistry data Result {
398 silly mapToRegistry   raw: 'd3',
398 silly mapToRegistry   scope: null,
398 silly mapToRegistry   escapedName: 'd3',
398 silly mapToRegistry   name: 'd3',
398 silly mapToRegistry   rawSpec: '',
398 silly mapToRegistry   spec: 'latest',
398 silly mapToRegistry   type: 'tag' }
399 silly mapToRegistry uri https://registry.npmjs.org/d3
400 verbose addNameRange registry:https://registry.npmjs.org/d3 not in flight; fetching
401 http fetch 200 https://registry.npmjs.org/fuzzaldrin/-/fuzzaldrin-2.1.0.tgz
402 verbose get https://registry.npmjs.org/d3 not expired, no request
403 silly addNameRange number 2 { name: 'd3', range: '>=3.5.5 <4.0.0', hasData: true }
404 silly addNameRange versions [ 'd3',
404 silly addNameRange   [ '1.29.5',
404 silly addNameRange     '2.1.3',
404 silly addNameRange     '2.2.1',
404 silly addNameRange     '2.3.0',
404 silly addNameRange     '2.3.2',
404 silly addNameRange     '2.3.3',
404 silly addNameRange     '2.3.4',
404 silly addNameRange     '2.4.0',
404 silly addNameRange     '2.4.1',
404 silly addNameRange     '2.4.2',
404 silly addNameRange     '2.5.1',
404 silly addNameRange     '2.5.2',
404 silly addNameRange     '2.6.0',
404 silly addNameRange     '2.7.0',
404 silly addNameRange     '2.7.2',
404 silly addNameRange     '2.7.3',
404 silly addNameRange     '2.7.4',
404 silly addNameRange     '2.7.5',
404 silly addNameRange     '2.8.0',
404 silly addNameRange     '2.8.1',
404 silly addNameRange     '2.9.0',
404 silly addNameRange     '2.9.1',
404 silly addNameRange     '2.9.2',
404 silly addNameRange     '2.9.3',
404 silly addNameRange     '2.9.4',
404 silly addNameRange     '2.9.6',
404 silly addNameRange     '2.9.7',
404 silly addNameRange     '2.10.0',
404 silly addNameRange     '2.10.1',
404 silly addNameRange     '2.10.3',
404 silly addNameRange     '3.0.0',
404 silly addNameRange     '3.0.1',
404 silly addNameRange     '3.0.2',
404 silly addNameRange     '3.0.3',
404 silly addNameRange     '3.0.4',
404 silly addNameRange     '3.0.5',
404 silly addNameRange     '3.0.6',
404 silly addNameRange     '3.0.7',
404 silly addNameRange     '3.0.8',
404 silly addNameRange     '3.1.0',
404 silly addNameRange     '3.1.1',
404 silly addNameRange     '3.1.2',
404 silly addNameRange     '3.1.3',
404 silly addNameRange     '3.1.4',
404 silly addNameRange     '3.1.5',
404 silly addNameRange     '3.1.6',
404 silly addNameRange     '3.1.7',
404 silly addNameRange     '3.1.8',
404 silly addNameRange     '3.1.9',
404 silly addNameRange     '3.1.10',
404 silly addNameRange     '3.2.0',
404 silly addNameRange     '3.2.1',
404 silly addNameRange     '3.2.2',
404 silly addNameRange     '3.2.3',
404 silly addNameRange     '3.2.4',
404 silly addNameRange     '3.2.5',
404 silly addNameRange     '3.2.6',
404 silly addNameRange     '3.2.7',
404 silly addNameRange     '3.2.8',
404 silly addNameRange     '3.3.0',
404 silly addNameRange     '3.3.1',
404 silly addNameRange     '3.3.2',
404 silly addNameRange     '3.3.3',
404 silly addNameRange     '3.3.4',
404 silly addNameRange     '3.3.5',
404 silly addNameRange     '3.3.6',
404 silly addNameRange     '3.3.7',
404 silly addNameRange     '3.3.8',
404 silly addNameRange     '3.3.9',
404 silly addNameRange     '3.3.10',
404 silly addNameRange     '3.3.11',
404 silly addNameRange     '3.3.12',
404 silly addNameRange     '3.3.13',
404 silly addNameRange     '3.4.0',
404 silly addNameRange     '3.4.1',
404 silly addNameRange     '3.4.2',
404 silly addNameRange     '3.4.3',
404 silly addNameRange     '3.4.4',
404 silly addNameRange     '3.4.5',
404 silly addNameRange     '3.4.6',
404 silly addNameRange     '3.4.7',
404 silly addNameRange     '3.4.8',
404 silly addNameRange     '3.4.9',
404 silly addNameRange     '3.4.10',
404 silly addNameRange     '3.4.11',
404 silly addNameRange     '3.4.12',
404 silly addNameRange     '3.4.13',
404 silly addNameRange     '3.5.0',
404 silly addNameRange     '3.5.1',
404 silly addNameRange     '3.5.2',
404 silly addNameRange     '3.5.3',
404 silly addNameRange     '3.5.4',
404 silly addNameRange     '3.5.5',
404 silly addNameRange     '3.5.6',
404 silly addNameRange     '3.5.7',
404 silly addNameRange     '3.5.8',
404 silly addNameRange     '3.5.9',
404 silly addNameRange     '3.5.10',
404 silly addNameRange     '3.5.11',
404 silly addNameRange     '3.5.12',
404 silly addNameRange     ... 66 more items ] ]
405 silly addNamed d3@3.5.17
406 verbose addNamed "3.5.17" is a plain semver version for d3
407 silly fetchAndShaCheck shasum 90204c3e2fdaa6941bb28d16645d418063a90e9b
408 silly mapToRegistry name d3
409 silly mapToRegistry using default registry
410 silly mapToRegistry registry https://registry.npmjs.org/
411 silly mapToRegistry data Result {
411 silly mapToRegistry   raw: 'd3',
411 silly mapToRegistry   scope: null,
411 silly mapToRegistry   escapedName: 'd3',
411 silly mapToRegistry   name: 'd3',
411 silly mapToRegistry   rawSpec: '',
411 silly mapToRegistry   spec: 'latest',
411 silly mapToRegistry   type: 'tag' }
412 silly mapToRegistry uri https://registry.npmjs.org/d3
413 verbose addRemoteTarball https://registry.npmjs.org/d3/-/d3-3.5.17.tgz not in flight; adding
414 verbose addRemoteTarball [ 'https://registry.npmjs.org/d3/-/d3-3.5.17.tgz',
414 verbose addRemoteTarball   'bc46748004378b21a360c9fc7cf5231790762fb8' ]
415 http fetch 200 https://registry.npmjs.org/atom-space-pen-views/-/atom-space-pen-views-2.2.0.tgz
416 http fetch 200 https://registry.npmjs.org/season/-/season-5.3.0.tgz
417 verbose addTmpTarball /tmp/npm-7643-317c4073/registry.npmjs.org/fuzzaldrin/-/fuzzaldrin-2.1.0.tgz not in flight; adding
418 verbose addTmpTarball already have metadata; skipping unpack for fuzzaldrin@2.1.0
419 verbose correctMkdir /home/jm/.npm correctMkdir not in flight; initializing
420 info retry fetch attempt 1 at 22:51:29
421 info attempt registry request try #1 at 22:51:29
422 http fetch GET https://registry.npmjs.org/d3/-/d3-3.5.17.tgz
423 http 200 https://registry.npmjs.org/basarat-text-buffer
424 verbose headers { server: 'CouchDB/1.6.1 (Erlang OTP/R16B03)',
424 verbose headers   etag: '"9TVUC1E97VKJG8IDVEL32GJVW"',
424 verbose headers   'content-type': 'application/json',
424 verbose headers   'content-encoding': 'gzip',
424 verbose headers   'cache-control': 'max-age=300',
424 verbose headers   'content-length': '1224',
424 verbose headers   'accept-ranges': 'bytes',
424 verbose headers   date: 'Thu, 22 Sep 2016 20:51:29 GMT',
424 verbose headers   via: '1.1 varnish',
424 verbose headers   age: '0',
424 verbose headers   connection: 'keep-alive',
424 verbose headers   'x-served-by': 'cache-fra1240-FRA',
424 verbose headers   'x-cache': 'HIT',
424 verbose headers   'x-cache-hits': '1',
424 verbose headers   'x-timer': 'S1474577489.068276,VS0,VE107',
424 verbose headers   vary: 'Accept-Encoding' }
425 silly get cb [ 200,
425 silly get   { server: 'CouchDB/1.6.1 (Erlang OTP/R16B03)',
425 silly get     etag: '"9TVUC1E97VKJG8IDVEL32GJVW"',
425 silly get     'content-type': 'application/json',
425 silly get     'content-encoding': 'gzip',
425 silly get     'cache-control': 'max-age=300',
425 silly get     'content-length': '1224',
425 silly get     'accept-ranges': 'bytes',
425 silly get     date: 'Thu, 22 Sep 2016 20:51:29 GMT',
425 silly get     via: '1.1 varnish',
425 silly get     age: '0',
425 silly get     connection: 'keep-alive',
425 silly get     'x-served-by': 'cache-fra1240-FRA',
425 silly get     'x-cache': 'HIT',
425 silly get     'x-cache-hits': '1',
425 silly get     'x-timer': 'S1474577489.068276,VS0,VE107',
425 silly get     vary: 'Accept-Encoding' } ]
426 verbose get saving basarat-text-buffer to /home/jm/.npm/registry.npmjs.org/basarat-text-buffer/.cache.json
427 verbose correctMkdir /home/jm/.npm correctMkdir not in flight; initializing
428 silly fetchAndShaCheck shasum a65b2c920ed02f724014fa7d3e5c3d78fbf59997
429 silly fetchAndShaCheck shasum 282d397e6416f44923287bd55450ad080b95db65
430 verbose addTmpTarball /tmp/npm-7643-317c4073/registry.npmjs.org/atom-space-pen-views/-/atom-space-pen-views-2.2.0.tgz not in flight; adding
431 verbose addTmpTarball already have metadata; skipping unpack for atom-space-pen-views@2.2.0
432 verbose correctMkdir /home/jm/.npm correctMkdir not in flight; initializing
433 verbose addTmpTarball /tmp/npm-7643-317c4073/registry.npmjs.org/season/-/season-5.3.0.tgz not in flight; adding
434 verbose addTmpTarball already have metadata; skipping unpack for season@5.3.0
435 verbose correctMkdir /home/jm/.npm correctMkdir not in flight; initializing
436 silly cache afterAdd glob-expand@0.0.2
437 verbose afterAdd /home/jm/.npm/glob-expand/0.0.2/package/package.json not in flight; writing
438 verbose correctMkdir /home/jm/.npm correctMkdir not in flight; initializing
439 silly resolveWithNewModule basarat-text-buffer@6.0.0 checking installable status
440 silly cache add args [ 'basarat-text-buffer@6.0.0', null ]
441 verbose cache add spec basarat-text-buffer@6.0.0
442 silly cache add parsed spec Result {
442 silly cache add   raw: 'basarat-text-buffer@6.0.0',
442 silly cache add   scope: null,
442 silly cache add   escapedName: 'basarat-text-buffer',
442 silly cache add   name: 'basarat-text-buffer',
442 silly cache add   rawSpec: '6.0.0',
442 silly cache add   spec: '6.0.0',
442 silly cache add   type: 'version' }
443 silly addNamed basarat-text-buffer@6.0.0
444 verbose addNamed "6.0.0" is a plain semver version for basarat-text-buffer
445 silly mapToRegistry name basarat-text-buffer
446 silly mapToRegistry using default registry
447 silly mapToRegistry registry https://registry.npmjs.org/
448 silly mapToRegistry data Result {
448 silly mapToRegistry   raw: 'basarat-text-buffer',
448 silly mapToRegistry   scope: null,
448 silly mapToRegistry   escapedName: 'basarat-text-buffer',
448 silly mapToRegistry   name: 'basarat-text-buffer',
448 silly mapToRegistry   rawSpec: '',
448 silly mapToRegistry   spec: 'latest',
448 silly mapToRegistry   type: 'tag' }
449 silly mapToRegistry uri https://registry.npmjs.org/basarat-text-buffer
450 verbose addNameVersion registry:https://registry.npmjs.org/basarat-text-buffer not in flight; fetching
451 verbose afterAdd /home/jm/.npm/glob-expand/0.0.2/package/package.json written
452 verbose get https://registry.npmjs.org/basarat-text-buffer not expired, no request
453 silly mapToRegistry name basarat-text-buffer
454 silly mapToRegistry using default registry
455 silly mapToRegistry registry https://registry.npmjs.org/
456 silly mapToRegistry data Result {
456 silly mapToRegistry   raw: 'basarat-text-buffer',
456 silly mapToRegistry   scope: null,
456 silly mapToRegistry   escapedName: 'basarat-text-buffer',
456 silly mapToRegistry   name: 'basarat-text-buffer',
456 silly mapToRegistry   rawSpec: '',
456 silly mapToRegistry   spec: 'latest',
456 silly mapToRegistry   type: 'tag' }
457 silly mapToRegistry uri https://registry.npmjs.org/basarat-text-buffer
458 verbose addRemoteTarball https://registry.npmjs.org/basarat-text-buffer/-/basarat-text-buffer-6.0.0.tgz not in flight; adding
459 verbose addRemoteTarball [ 'https://registry.npmjs.org/basarat-text-buffer/-/basarat-text-buffer-6.0.0.tgz',
459 verbose addRemoteTarball   '19b578dae7c09b281244f5075a663bff2376889e' ]
460 silly cache afterAdd fuzzaldrin@2.1.0
461 verbose afterAdd /home/jm/.npm/fuzzaldrin/2.1.0/package/package.json not in flight; writing
462 verbose correctMkdir /home/jm/.npm correctMkdir not in flight; initializing
463 info retry fetch attempt 1 at 22:51:29
464 info attempt registry request try #1 at 22:51:29
465 http fetch GET https://registry.npmjs.org/basarat-text-buffer/-/basarat-text-buffer-6.0.0.tgz
466 silly cache afterAdd season@5.3.0
467 verbose afterAdd /home/jm/.npm/season/5.3.0/package/package.json not in flight; writing
468 verbose correctMkdir /home/jm/.npm correctMkdir not in flight; initializing
469 silly cache afterAdd atom-space-pen-views@2.2.0
470 verbose afterAdd /home/jm/.npm/atom-space-pen-views/2.2.0/package/package.json not in flight; writing
471 verbose correctMkdir /home/jm/.npm correctMkdir not in flight; initializing
472 verbose afterAdd /home/jm/.npm/fuzzaldrin/2.1.0/package/package.json written
473 verbose afterAdd /home/jm/.npm/season/5.3.0/package/package.json written
474 verbose afterAdd /home/jm/.npm/atom-space-pen-views/2.2.0/package/package.json written
475 http fetch 200 https://registry.npmjs.org/d3/-/d3-3.5.17.tgz
476 http fetch 200 https://registry.npmjs.org/basarat-text-buffer/-/basarat-text-buffer-6.0.0.tgz
477 silly fetchAndShaCheck shasum 19b578dae7c09b281244f5075a663bff2376889e
478 verbose addTmpTarball /tmp/npm-7643-317c4073/registry.npmjs.org/basarat-text-buffer/-/basarat-text-buffer-6.0.0.tgz not in flight; adding
479 verbose addTmpTarball already have metadata; skipping unpack for basarat-text-buffer@6.0.0
480 verbose correctMkdir /home/jm/.npm correctMkdir not in flight; initializing
481 silly cache afterAdd basarat-text-buffer@6.0.0
482 verbose afterAdd /home/jm/.npm/basarat-text-buffer/6.0.0/package/package.json not in flight; writing
483 verbose correctMkdir /home/jm/.npm correctMkdir not in flight; initializing
484 verbose afterAdd /home/jm/.npm/basarat-text-buffer/6.0.0/package/package.json written
485 silly fetchAndShaCheck shasum bc46748004378b21a360c9fc7cf5231790762fb8
486 verbose addTmpTarball /tmp/npm-7643-317c4073/registry.npmjs.org/d3/-/d3-3.5.17.tgz not in flight; adding
487 verbose addTmpTarball already have metadata; skipping unpack for d3@3.5.17
488 verbose correctMkdir /home/jm/.npm correctMkdir not in flight; initializing
489 silly cache afterAdd d3@3.5.17
490 verbose afterAdd /home/jm/.npm/d3/3.5.17/package/package.json not in flight; writing
491 verbose correctMkdir /home/jm/.npm correctMkdir not in flight; initializing
492 verbose afterAdd /home/jm/.npm/d3/3.5.17/package/package.json written
493 http fetch 404 https://github.com/Arnavion/typescript-github/tarball/2015-05-06-3d0daef8eb08104920f9272b32d414b9266a5d78
494 error fetch failed https://github.com/Arnavion/typescript-github/tarball/2015-05-06-3d0daef8eb08104920f9272b32d414b9266a5d78
495 warn retry will retry, error on last attempt: Error: fetch failed with status code 404
496 http fetch 200 https://github.com/basarat/atom-package-dependencies/archive/cb1.tar.gz
497 silly fetchAndShaCheck shasum 09a8578e2ef91f2b2a7bbfedc653973b21075b96
498 verbose addTmpTarball /tmp/npm-7643-317c4073/github.com/basarat/atom-package-dependencies/archive/cb1.tar.gz not in flight; adding
499 verbose correctMkdir /home/jm/.npm correctMkdir not in flight; initializing
500 verbose addTmpTarball validating metadata from /tmp/npm-7643-317c4073/github.com/basarat/atom-package-dependencies/archive/cb1.tar.gz
501 verbose tar unpack /tmp/npm-7643-317c4073/github.com/basarat/atom-package-dependencies/archive/cb1.tar.gz
502 verbose tar unpacking to /tmp/npm-7643-317c4073/unpack-7f9879cf
503 silly gentlyRm /tmp/npm-7643-317c4073/unpack-7f9879cf is being purged
504 verbose gentlyRm don't care about contents; nuking /tmp/npm-7643-317c4073/unpack-7f9879cf
505 silly gunzTarPerm modes [ '775', '664' ]
506 silly gunzTarPerm extractEntry
507 silly gunzTarPerm extractEntry .gitignore
508 silly gunzTarPerm extractEntry README.md
509 silly gunzTarPerm extractEntry index.js
510 silly gunzTarPerm extractEntry package.json
511 verbose correctMkdir /home/jm/.npm correctMkdir not in flight; initializing
512 silly cache afterAdd atom-package-dependencies@1.0.3
513 verbose afterAdd /home/jm/.npm/atom-package-dependencies/1.0.3/package/package.json not in flight; writing
514 verbose correctMkdir /home/jm/.npm correctMkdir not in flight; initializing
515 verbose afterAdd /home/jm/.npm/atom-package-dependencies/1.0.3/package/package.json written
516 silly resolveWithNewModule atom-package-dependencies@1.0.3 checking installable status
517 info retry fetch attempt 2 at 22:51:39
518 info attempt registry request try #1 at 22:51:39
519 http fetch GET https://github.com/Arnavion/typescript-github/tarball/2015-05-06-3d0daef8eb08104920f9272b32d414b9266a5d78
520 info retry will retry, error on last attempt: Error: socket hang up
521 info attempt registry request try #2 at 22:51:49
522 http fetch GET https://github.com/Arnavion/typescript-github/tarball/2015-05-06-3d0daef8eb08104920f9272b32d414b9266a5d78
523 http fetch 404 https://github.com/Arnavion/typescript-github/tarball/2015-05-06-3d0daef8eb08104920f9272b32d414b9266a5d78
524 error fetch failed https://github.com/Arnavion/typescript-github/tarball/2015-05-06-3d0daef8eb08104920f9272b32d414b9266a5d78
525 warn retry will retry, error on last attempt: Error: fetch failed with status code 404
526 info retry fetch attempt 3 at 22:52:49
527 info attempt registry request try #1 at 22:52:49
528 http fetch GET https://github.com/Arnavion/typescript-github/tarball/2015-05-06-3d0daef8eb08104920f9272b32d414b9266a5d78
529 http fetch 404 https://github.com/Arnavion/typescript-github/tarball/2015-05-06-3d0daef8eb08104920f9272b32d414b9266a5d78
530 error fetch failed https://github.com/Arnavion/typescript-github/tarball/2015-05-06-3d0daef8eb08104920f9272b32d414b9266a5d78
531 silly fetchPackageMetaData Error: fetch failed with status code 404
531 silly fetchPackageMetaData     at Request.<anonymous> (/usr/lib/node_modules/npm/node_modules/npm-registry-client/lib/fetch.js:51:14)
531 silly fetchPackageMetaData     at emitOne (events.js:96:13)
531 silly fetchPackageMetaData     at Request.emit (events.js:188:7)
531 silly fetchPackageMetaData     at Request.onRequestResponse (/usr/lib/node_modules/npm/node_modules/request/request.js:977:10)
531 silly fetchPackageMetaData     at emitOne (events.js:96:13)
531 silly fetchPackageMetaData     at ClientRequest.emit (events.js:188:7)
531 silly fetchPackageMetaData     at HTTPParser.parserOnIncomingClient [as onIncoming] (_http_client.js:472:21)
531 silly fetchPackageMetaData     at HTTPParser.parserOnHeadersComplete (_http_common.js:99:23)
531 silly fetchPackageMetaData     at TLSSocket.socketOnData (_http_client.js:361:20)
531 silly fetchPackageMetaData     at emitOne (events.js:96:13)
531 silly fetchPackageMetaData  error for typescript@https://github.com/Arnavion/typescript-github/tarball/2015-05-06-3d0daef8eb08104920f9272b32d414b9266a5d78 Error: fetch failed with status code 404
531 silly fetchPackageMetaData     at Request.<anonymous> (/usr/lib/node_modules/npm/node_modules/npm-registry-client/lib/fetch.js:51:14)
531 silly fetchPackageMetaData     at emitOne (events.js:96:13)
531 silly fetchPackageMetaData     at Request.emit (events.js:188:7)
531 silly fetchPackageMetaData     at Request.onRequestResponse (/usr/lib/node_modules/npm/node_modules/request/request.js:977:10)
531 silly fetchPackageMetaData     at emitOne (events.js:96:13)
531 silly fetchPackageMetaData     at ClientRequest.emit (events.js:188:7)
531 silly fetchPackageMetaData     at HTTPParser.parserOnIncomingClient [as onIncoming] (_http_client.js:472:21)
531 silly fetchPackageMetaData     at HTTPParser.parserOnHeadersComplete (_http_common.js:99:23)
531 silly fetchPackageMetaData     at TLSSocket.socketOnData (_http_client.js:361:20)
531 silly fetchPackageMetaData     at emitOne (events.js:96:13)
532 silly rollbackFailedOptional Starting
533 silly rollbackFailedOptional Finishing
534 silly runTopLevelLifecycles Starting
535 silly runTopLevelLifecycles Finishing
536 silly install printInstalled
537 verbose stack Error: fetch failed with status code 404
537 verbose stack     at Request.<anonymous> (/usr/lib/node_modules/npm/node_modules/npm-registry-client/lib/fetch.js:51:14)
537 verbose stack     at emitOne (events.js:96:13)
537 verbose stack     at Request.emit (events.js:188:7)
537 verbose stack     at Request.onRequestResponse (/usr/lib/node_modules/npm/node_modules/request/request.js:977:10)
537 verbose stack     at emitOne (events.js:96:13)
537 verbose stack     at ClientRequest.emit (events.js:188:7)
537 verbose stack     at HTTPParser.parserOnIncomingClient [as onIncoming] (_http_client.js:472:21)
537 verbose stack     at HTTPParser.parserOnHeadersComplete (_http_common.js:99:23)
537 verbose stack     at TLSSocket.socketOnData (_http_client.js:361:20)
537 verbose stack     at emitOne (events.js:96:13)
538 verbose cwd /home/jm/dev/inventaire-fac_client
539 error Linux 4.4.0-36-generic
540 error argv "/usr/bin/nodejs" "/usr/bin/npm" "install" "atom-typescript"
541 error node v6.6.0
542 error npm  v3.10.3
543 error fetch failed with status code 404
544 error If you need help, you may report this error at:
544 error     <https://github.com/npm/npm/issues>
545 verbose exit [ 1, true ]
